<?xml version="1.0" encoding="UTF-8"?>
<!-- Generated by org.testng.reporters.JUnitXMLReporter -->
<testsuite hostname="DESKTOP-19ONMSO" ignored="0" name="Amazon Automation Testing" tests="3" failures="3" timestamp="28 Apr 2021 11:21:02 GMT" time="67.799" errors="0">
  <testcase name="searchCategory" time="13.382" classname="com.qa.testscript.TC_AmazonAutomation_01">
    <failure type="java.lang.ClassCastException" message="com.sun.proxy.$Proxy11 cannot be cast to java.util.List">
      <![CDATA[java.lang.ClassCastException: com.sun.proxy.$Proxy11 cannot be cast to java.util.List
at com.qa.testscript.TC_AmazonAutomation_01.searchCategory(TC_AmazonAutomation_01.java:42)
... Removed 25 stack frames]]>
    </failure>
  </testcase> <!-- searchCategory -->
  <testcase name="searchCategory" time="12.226" classname="com.qa.testscript.TC_AmazonAutomation_01">
    <failure type="java.lang.ClassCastException" message="com.sun.proxy.$Proxy11 cannot be cast to java.util.List">
      <![CDATA[java.lang.ClassCastException: com.sun.proxy.$Proxy11 cannot be cast to java.util.List
at com.qa.testscript.TC_AmazonAutomation_01.searchCategory(TC_AmazonAutomation_01.java:42)
... Removed 25 stack frames]]>
    </failure>
  </testcase> <!-- searchCategory -->
  <testcase name="searchCategory" time="2.644" classname="com.qa.testscript.TC_AmazonAutomation_01">
    <failure type="org.openqa.selenium.NoSuchElementException" message="Cannot locate element with text: Furnitures
For documentation on this error, please visit: https://www.seleniumhq.org/exceptions/no_such_element.html
Build info: version: &amp;apos;3.141.59&amp;apos;, revision: &amp;apos;e82be7d358&amp;apos;, time: &amp;apos;2018-11-14T08:17:03&amp;apos;
System info: host: &amp;apos;DESKTOP-19ONMSO&amp;apos;, ip: &amp;apos;192.168.57.22&amp;apos;, os.name: &amp;apos;Windows 10&amp;apos;, os.arch: &amp;apos;amd64&amp;apos;, os.version: &amp;apos;10.0&amp;apos;, java.version: &amp;apos;1.8.0_261&amp;apos;
Driver info: driver.version: unknown">
      <![CDATA[org.openqa.selenium.NoSuchElementException: Cannot locate element with text: Furnitures
For documentation on this error, please visit: https://www.seleniumhq.org/exceptions/no_such_element.html
Build info: version: '3.141.59', revision: 'e82be7d358', time: '2018-11-14T08:17:03'
System info: host: 'DESKTOP-19ONMSO', ip: '192.168.57.22', os.name: 'Windows 10', os.arch: 'amd64', os.version: '10.0', java.version: '1.8.0_261'
Driver info: driver.version: unknown
at org.openqa.selenium.support.ui.Select.selectByVisibleText(Select.java:147)
at com.qa.testscript.TC_AmazonAutomation_01.searchCategory(TC_AmazonAutomation_01.java:22)
... Removed 25 stack frames]]>
    </failure>
  </testcase> <!-- searchCategory -->
</testsuite> <!-- Amazon Automation Testing -->
