<?xml version="1.0" encoding="UTF-8"?>
<!-- Generated by org.testng.reporters.JUnitXMLReporter -->
<testsuite hostname="DESKTOP-19ONMSO" ignored="0" name="Google Automation" tests="1" failures="0" timestamp="27 Apr 2021 14:14:49 GMT" time="0.593" errors="0">
  <testcase name="@BeforeClass setUp" time="0.49" classname="com.qa.testbase.TestBase_GoogleAutomation1">
    <failure type="java.lang.IllegalStateException" message="The driver executable does not exist: E:\Selenium Softwares\Driver executables\Chrome\chromedriver.exe">
      <![CDATA[java.lang.IllegalStateException: The driver executable does not exist: E:\Selenium Softwares\Driver executables\Chrome\chromedriver.exe
at com.google.common.base.Preconditions.checkState(Preconditions.java:585)
at org.openqa.selenium.remote.service.DriverService.checkExecutable(DriverService.java:146)
at org.openqa.selenium.remote.service.DriverService.findExecutable(DriverService.java:141)
at org.openqa.selenium.chrome.ChromeDriverService.access$000(ChromeDriverService.java:35)
at org.openqa.selenium.chrome.ChromeDriverService$Builder.findDefaultExecutable(ChromeDriverService.java:159)
at org.openqa.selenium.remote.service.DriverService$Builder.build(DriverService.java:355)
at org.openqa.selenium.chrome.ChromeDriverService.createDefaultService(ChromeDriverService.java:94)
at org.openqa.selenium.chrome.ChromeDriver.<init>(ChromeDriver.java:123)
at com.qa.testbase.TestBase_GoogleAutomation1.setUp(TestBase_GoogleAutomation1.java:24)
... Removed 26 stack frames]]>
    </failure>
  </testcase> <!-- @BeforeClass setUp -->
  <testcase name="@AfterClass tearDown" time="0.0" classname="com.qa.testbase.TestBase_GoogleAutomation1">
    <skipped/>
  </testcase> <!-- @AfterClass tearDown -->
  <testcase name="testingAutomation" time="0.0" classname="com.qa.testscript.TC_GoogleAutoSuggAT">
    <skipped/>
  </testcase> <!-- testingAutomation -->
</testsuite> <!-- Google Automation -->
